# JRE version: Java(TM) SE Runtime Environment (20.0+36) (build 20+36-2344)
# Java VM: Java HotSpot(TM) 64-Bit Server VM (20+36-2344, mixed mode, sharing, tiered, compressed oops, compressed class ptrs, g1 gc, windows-amd64)
GC Precious Log:
 CardTable entry size: 512
 Card Set container configuration: InlinePtr #cards 5 size 8 Array Of Cards #cards 12 size 40 Howl #buckets 4 coarsen threshold 1843 Howl Bitmap #cards 512 size 80 coarsen threshold 460 Card regions per heap region 1 cards per card region 2048
 CPUs: 12 total, 12 available
 Memory: 16106M
 Large Page Support: Disabled
 NUMA Support: Disabled
 Compressed Oops: Enabled (32-bit)
 Heap Region Size: 1M
 Heap Min Capacity: 8M
 Heap Initial Capacity: 252M
 Heap Max Capacity: 2G
 Pre-touch: Disabled
 Parallel Workers: 10
 Concurrent Workers: 3
 Concurrent Refinement Workers: 10
 Periodic GC: Disabled
Heap:
 garbage-first heap   total 358400K, used 226402K [0x0000000080000000, 0x0000000100000000)
  region size 1024K, 29 young (29696K), 15 survivors (15360K)
 Metaspace       used 120976K, committed 124096K, reserved 552960K
  class space    used 16752K, committed 18240K, reserved 421888K
GC Heap History (20 events):
Event: 21.884 GC heap before
{Heap before GC invocations=43 (full 0):
 garbage-first heap   total 222208K, used 201862K [0x0000000080000000, 0x0000000100000000)
  region size 1024K, 76 young (77824K), 4 survivors (4096K)
 Metaspace       used 109135K, committed 111744K, reserved 552960K
  class space    used 15141K, committed 16448K, reserved 421888K
}
Event: 21.890 GC heap after
{Heap after GC invocations=44 (full 0):
 garbage-first heap   total 222208K, used 131061K [0x0000000080000000, 0x0000000100000000)
  region size 1024K, 7 young (7168K), 7 survivors (7168K)
 Metaspace       used 109135K, committed 111744K, reserved 552960K
  class space    used 15141K, committed 16448K, reserved 421888K
}
Event: 25.745 GC heap before
{Heap before GC invocations=44 (full 0):
 garbage-first heap   total 222208K, used 201717K [0x0000000080000000, 0x0000000100000000)
  region size 1024K, 76 young (77824K), 7 survivors (7168K)
 Metaspace       used 114265K, committed 116928K, reserved 552960K
  class space    used 15848K, committed 17152K, reserved 421888K
}
Event: 25.752 GC heap after
{Heap after GC invocations=45 (full 0):
 garbage-first heap   total 222208K, used 135307K [0x0000000080000000, 0x0000000100000000)
  region size 1024K, 8 young (8192K), 8 survivors (8192K)
 Metaspace       used 114265K, committed 116928K, reserved 552960K
  class space    used 15848K, committed 17152K, reserved 421888K
}
Event: 26.956 GC heap before
{Heap before GC invocations=46 (full 0):
 garbage-first heap   total 235520K, used 199819K [0x0000000080000000, 0x0000000100000000)
  region size 1024K, 72 young (73728K), 8 survivors (8192K)
 Metaspace       used 115940K, committed 118656K, reserved 552960K
  class space    used 16077K, committed 17408K, reserved 421888K
}
Event: 26.962 GC heap after
{Heap after GC invocations=47 (full 0):
 garbage-first heap   total 235520K, used 141637K [0x0000000080000000, 0x0000000100000000)
  region size 1024K, 9 young (9216K), 9 survivors (9216K)
 Metaspace       used 115940K, committed 118656K, reserved 552960K
  class space    used 16077K, committed 17408K, reserved 421888K
}
Event: 31.818 GC heap before
{Heap before GC invocations=47 (full 0):
 garbage-first heap   total 235520K, used 213317K [0x0000000080000000, 0x0000000100000000)
  region size 1024K, 79 young (80896K), 9 survivors (9216K)
 Metaspace       used 118070K, committed 120960K, reserved 552960K
  class space    used 16405K, committed 17792K, reserved 421888K
}
Event: 31.831 GC heap after
{Heap after GC invocations=48 (full 0):
 garbage-first heap   total 238592K, used 154106K [0x0000000080000000, 0x0000000100000000)
  region size 1024K, 10 young (10240K), 10 survivors (10240K)
 Metaspace       used 118070K, committed 120960K, reserved 552960K
  class space    used 16405K, committed 17792K, reserved 421888K
}
Event: 32.857 GC heap before
{Heap before GC invocations=48 (full 0):
 garbage-first heap   total 238592K, used 214522K [0x0000000080000000, 0x0000000100000000)
  region size 1024K, 69 young (70656K), 10 survivors (10240K)
 Metaspace       used 119222K, committed 122176K, reserved 552960K
  class space    used 16570K, committed 17984K, reserved 421888K
}
Event: 32.866 GC heap after
{Heap after GC invocations=49 (full 0):
 garbage-first heap   total 238592K, used 164731K [0x0000000080000000, 0x0000000100000000)
  region size 1024K, 9 young (9216K), 9 survivors (9216K)
 Metaspace       used 119222K, committed 122176K, reserved 552960K
  class space    used 16570K, committed 17984K, reserved 421888K
}
Event: 33.748 GC heap before
{Heap before GC invocations=50 (full 0):
 garbage-first heap   total 288768K, used 213883K [0x0000000080000000, 0x0000000100000000)
  region size 1024K, 57 young (58368K), 9 survivors (9216K)
 Metaspace       used 119575K, committed 122560K, reserved 552960K
  class space    used 16598K, committed 18048K, reserved 421888K
}
Event: 33.758 GC heap after
{Heap after GC invocations=51 (full 0):
 garbage-first heap   total 288768K, used 177152K [0x0000000080000000, 0x0000000100000000)
  region size 1024K, 8 young (8192K), 8 survivors (8192K)
 Metaspace       used 119575K, committed 122560K, reserved 552960K
  class space    used 16598K, committed 18048K, reserved 421888K
}
Event: 35.455 GC heap before
{Heap before GC invocations=51 (full 0):
 garbage-first heap   total 288768K, used 251904K [0x0000000080000000, 0x0000000100000000)
  region size 1024K, 81 young (82944K), 8 survivors (8192K)
 Metaspace       used 120472K, committed 123520K, reserved 552960K
  class space    used 16708K, committed 18176K, reserved 421888K
}
Event: 35.468 GC heap after
{Heap after GC invocations=52 (full 0):
 garbage-first heap   total 288768K, used 192441K [0x0000000080000000, 0x0000000100000000)
  region size 1024K, 11 young (11264K), 11 survivors (11264K)
 Metaspace       used 120472K, committed 123520K, reserved 552960K
  class space    used 16708K, committed 18176K, reserved 421888K
}
Event: 36.057 GC heap before
{Heap before GC invocations=52 (full 0):
 garbage-first heap   total 288768K, used 254905K [0x0000000080000000, 0x0000000100000000)
  region size 1024K, 73 young (74752K), 11 survivors (11264K)
 Metaspace       used 120638K, committed 123712K, reserved 552960K
  class space    used 16711K, committed 18176K, reserved 421888K
}
Event: 36.066 GC heap after
{Heap after GC invocations=53 (full 0):
 garbage-first heap   total 288768K, used 199026K [0x0000000080000000, 0x0000000100000000)
  region size 1024K, 6 young (6144K), 6 survivors (6144K)
 Metaspace       used 120638K, committed 123712K, reserved 552960K
  class space    used 16711K, committed 18176K, reserved 421888K
}
Event: 36.502 GC heap before
{Heap before GC invocations=54 (full 0):
 garbage-first heap   total 358400K, used 259442K [0x0000000080000000, 0x0000000100000000)
  region size 1024K, 66 young (67584K), 6 survivors (6144K)
 Metaspace       used 120638K, committed 123712K, reserved 552960K
  class space    used 16711K, committed 18176K, reserved 421888K
}
Event: 36.506 GC heap after
{Heap after GC invocations=55 (full 0):
 garbage-first heap   total 358400K, used 200989K [0x0000000080000000, 0x0000000100000000)
  region size 1024K, 4 young (4096K), 4 survivors (4096K)
 Metaspace       used 120638K, committed 123712K, reserved 552960K
  class space    used 16711K, committed 18176K, reserved 421888K
}
Event: 38.252 GC heap before
{Heap before GC invocations=55 (full 0):
 garbage-first heap   total 358400K, used 316701K [0x0000000080000000, 0x0000000100000000)
  region size 1024K, 114 young (116736K), 4 survivors (4096K)
 Metaspace       used 120976K, committed 124096K, reserved 552960K
  class space    used 16752K, committed 18240K, reserved 421888K
}
Event: 38.260 GC heap after
{Heap after GC invocations=56 (full 0):
 garbage-first heap   total 358400K, used 213090K [0x0000000080000000, 0x0000000100000000)
  region size 1024K, 15 young (15360K), 15 survivors (15360K)
 Metaspace       used 120976K, committed 124096K, reserved 552960K
  class space    used 16752K, committed 18240K, reserved 421888K
}

